<?xml version="1.0" encoding="utf-8"?><testsuites name="pytest tests"><testsuite name="pytest" errors="1" failures="1" skipped="2" tests="142" time="87.206" timestamp="2026-07-07T16:06:08.271558+00:00" hostname="agent-env-bd8c5bdb-1fb2-4f23-a228-0fd7f3ed17e3"><testcase classname="tests.test_iteration8_dynamic_redirect" name="test_production_redirect_accepted" time="0.295" /><testcase classname="tests.test_iteration8_dynamic_redirect" name="test_preview_redirect_accepted" time="0.143" /><testcase classname="tests.test_iteration8_dynamic_redirect" name="test_no_redirect_uses_env_fallback" time="0.112" /><testcase classname="tests.test_iteration6_collab.TestEditorPrivileges" name="test_editor_sees_map_in_list_with_is_owner_false" time="0.623" /><testcase classname="tests.test_iteration8_dynamic_redirect" name="test_malicious_redirect_rejected" time="0.148" /><testcase classname="tests.test_iteration8_dynamic_redirect" name="test_wrong_path_rejected" time="0.176" /><testcase classname="tests.test_iteration8_dynamic_redirect" name="test_localhost_accepted" time="0.151" /><testcase classname="tests.test_iteration6_collab.TestEditorPrivileges" name="test_editor_get_map_is_owner_false" time="0.466" /><testcase classname="tests.test_iteration8_dynamic_redirect" name="test_not_a_url_rejected" time="0.116" /><testcase classname="tests.test_iteration8_dynamic_redirect" name="test_emergent_host_subdomain_accepted" time="0.111" /><testcase classname="tests.test_iteration8_dynamic_redirect" name="test_lookalike_host_rejected" time="0.101" /><testcase classname="tests.test_iteration6_collab.TestEditorPrivileges" name="test_owner_get_map_is_owner_true" time="0.346" /><testcase classname="tests.test_iteration8_dynamic_redirect" name="test_state_persisted_with_custom_redirect" time="0.138" /><testcase classname="tests.test_iteration8_dynamic_redirect" name="test_state_persisted_with_env_fallback" time="0.110" /><testcase classname="tests.test_iteration8_dynamic_redirect" name="test_callback_invalid_state" time="0.139" /><testcase classname="tests.test_iteration6_collab.TestEditorPrivileges" name="test_editor_can_patch" time="0.339" /><testcase classname="tests.test_iteration8_dynamic_redirect" name="test_callback_missing_fields" time="0.097" /><testcase classname="tests.test_iteration8_dynamic_redirect" name="test_callback_uses_stored_redirect_not_client_error" time="0.468" /><testcase classname="tests.test_iteration6_collab.TestEditorPrivileges" name="test_stranger_cannot_patch" time="0.369" /><testcase classname="tests.test_iteration6_collab.TestEditorPrivileges" name="test_editor_can_put_point_override" time="0.332" /><testcase classname="tests.test_iteration6_collab.TestEditorsEndpoints" name="test_owner_add_editor_lowercase_and_dedup" time="0.396" /><testcase classname="tests.test_iteration6_collab.TestEditorPrivileges" name="test_editor_can_delete_point_override" time="0.427" /><testcase classname="tests.test_iteration6_collab.TestEditorsEndpoints" name="test_owner_add_invalid_email_400" time="0.220" /><testcase classname="tests.test_iteration6_collab.TestEditorsEndpoints" name="test_owner_add_self_as_editor_400" time="0.257" /><testcase classname="tests.test_iteration6_collab.TestEditorPrivileges" name="test_stranger_point_override_404" time="0.341" /><testcase classname="tests.test_iteration6_collab.TestEditorsEndpoints" name="test_editor_can_list_editors" time="0.379" /><testcase classname="tests.test_iteration6_collab.TestEditorPrivileges" name="test_editor_cannot_delete_map" time="0.386" /><testcase classname="tests.test_iteration11_resolve_email" name="test_prefers_mail_field" time="0.000" /><testcase classname="tests.test_iteration11_resolve_email" name="test_falls_back_to_other_mails" time="0.000" /><testcase classname="tests.test_iteration11_resolve_email" name="test_decodes_guest_upn" time="0.000" /><testcase classname="tests.test_iteration11_resolve_email" name="test_upn_without_ext" time="0.000" /><testcase classname="tests.test_iteration11_resolve_email" name="test_empty_dict_returns_none" time="0.000" /><testcase classname="tests.test_iteration11_resolve_email" name="test_ext_without_underscore_returns_local" time="0.000" /><testcase classname="tests.test_iteration11_resolve_email" name="test_mail_is_stripped" time="0.000" /><testcase classname="tests.test_iteration6_collab.TestPromptParam" name="test_no_prompt" time="0.111" /><testcase classname="tests.test_iteration6_collab.TestEditorsEndpoints" name="test_editor_cannot_add_editor" time="0.335" /><testcase classname="tests.test_iteration6_collab.TestPromptParam" name="test_valid_prompts[select_account]" time="0.106" /><testcase classname="tests.test_iteration6_collab.TestPromptParam" name="test_valid_prompts[login]" time="0.104" /><testcase classname="tests.test_iteration6_collab.TestPromptParam" name="test_valid_prompts[consent]" time="0.144" /><testcase classname="tests.test_iteration6_collab.TestEditorsEndpoints" name="test_stranger_get_editors_404" time="0.228" /><testcase classname="tests.test_iteration6_collab.TestPromptParam" name="test_valid_prompts[none]" time="0.108" /><testcase classname="tests.test_iteration6_collab.TestPromptParam" name="test_invalid_prompt_ignored" time="0.102" /><testcase classname="tests.test_iteration6_collab.TestEditorsEndpoints" name="test_delete_editor_owner_only" time="0.536" /><testcase classname="tests.test_iteration6_collab.TestPromptParam" name="test_empty_prompt_ignored" time="0.096" /><testcase classname="tests.test_ms_oauth_callback.TestRegression" name="test_root" time="0.094" /><testcase classname="tests.test_ms_oauth_callback.TestRegression" name="test_microsoft_url_valid" time="0.112" /><testcase classname="tests.test_ms_oauth_callback.TestRegression" name="test_callback_missing_code_state" time="0.102" /><testcase classname="tests.test_ms_oauth_callback.TestRegression" name="test_callback_invalid_state" time="0.108" /><testcase classname="tests.test_iteration6_collab.TestEditorsEndpoints" name="test_delete_nonexistent_editor_no_error" time="0.219" /><testcase classname="tests.test_ms_oauth_callback.TestRegression" name="test_protected_onedrive_files_requires_session" time="0.100" /><testcase classname="tests.test_map_columns_config.TestRegressionSummary" name="test_root" time="0.112" /><testcase classname="tests.test_ms_oauth_callback.TestRegression" name="test_protected_maps_requires_session" time="0.135" /><testcase classname="tests.test_map_columns_config.TestRegressionSummary" name="test_microsoft_url" time="0.111" /><testcase classname="tests.test_ms_oauth_callback.TestRegression" name="test_auth_me_invalid_session" time="0.108" /><testcase classname="tests.test_map_columns_config.TestRegressionSummary" name="test_callback_missing_fields" time="0.104" /><testcase classname="tests.test_ms_oauth_callback.TestMapsCRUDWithInjectedSession" name="test_create_map" time="0.107" /><testcase classname="tests.test_map_columns_config.TestRegressionSummary" name="test_callback_invalid_state" time="0.120" /><testcase classname="tests.test_ms_oauth_callback.TestMapsCRUDWithInjectedSession" name="test_list_maps_includes_created" time="0.099" /><testcase classname="tests.test_map_columns_config.TestRegressionSummary" name="test_maps_requires_session" time="0.095" /><testcase classname="tests.test_ms_oauth_callback.TestMapsCRUDWithInjectedSession" name="test_get_map" time="0.101" /><testcase classname="tests.test_map_columns_config.TestRegressionSummary" name="test_auth_me_invalid_session" time="0.102" /><testcase classname="tests.test_ms_oauth_callback.TestMapsCRUDWithInjectedSession" name="test_patch_map" time="0.104" /><testcase classname="tests.test_map_columns_config.TestRegressionSummary" name="test_point_override_flow" time="0.498" /><testcase classname="tests.test_ms_oauth_callback.TestMapsCRUDWithInjectedSession" name="test_put_point_override" time="0.144" /><testcase classname="tests.test_ms_oauth_callback.TestMapsCRUDWithInjectedSession" name="test_delete_point_override" time="0.106" /><testcase classname="tests.test_ms_oauth_callback.TestMapsCRUDWithInjectedSession" name="test_delete_map" time="0.270" /><testcase classname="tests.test_iteration10_uploads.TestUploadExcel" name="test_upload_valid_xlsx" time="0.164" /><testcase classname="tests.test_iteration10_uploads.TestUploadExcel" name="test_upload_no_session" time="0.149" /><testcase classname="tests.test_iteration10_uploads.TestUploadSheets" name="test_sheets_list" time="0.282" /><testcase classname="tests.test_iteration10_uploads.TestUploadExcel" name="test_upload_non_xlsx_extension" time="0.104" /><testcase classname="tests.test_iteration10_uploads.TestUploadSheets" name="test_sheets_not_found" time="0.101" /><testcase classname="tests.test_iteration10_uploads.TestUploadExcel" name="test_upload_empty_file" time="0.119" /><testcase classname="tests.test_iteration10_uploads.TestUploadSheets" name="test_preview_ok" time="0.150" /><testcase classname="tests.test_iteration10_uploads.TestUploadExcel" name="test_upload_corrupt_xlsx" time="0.106" /><testcase classname="tests.test_iteration10_uploads.TestUploadSheets" name="test_preview_sheet_not_found" time="0.103" /><testcase classname="tests.test_iteration10_uploads.TestUploadExcel" name="test_upload_too_large" time="0.624" /><testcase classname="tests.test_iteration10_uploads.TestUploadSheets" name="test_data_ok" time="0.108" /><testcase classname="tests.test_iteration10_uploads.TestUploadSheets" name="test_data_invalid_range" time="0.114" /><testcase classname="tests.test_iteration6_collab.TestAccessControl" name="test_list_maps_owner_sees_is_owner_true" time="0.256" /><testcase classname="tests.test_map_columns_config.TestMapColumnsFeature" name="test_create_map_missing_lat_lng_returns_422" time="0.105" /><testcase classname="tests.test_iteration6_collab.TestAccessControl" name="test_editor_cannot_see_map_before_added" time="0.242" /><testcase classname="tests.test_map_columns_config.TestMapColumnsFeature" name="test_create_map_missing_only_lng_returns_422" time="0.102" /><testcase classname="tests.test_map_columns_config.TestMapColumnsFeature" name="test_create_map_with_lat_lng_persists" time="30.031"><failure message="requests.exceptions.ConnectTimeout: HTTPSConnectionPool(host='dynamic-excel-maps.preview.emergentagent.com', port=443): Max retries exceeded with url: /api/maps (Caused by ConnectTimeoutError(&lt;HTTPSConnection(host='dynamic-excel-maps.preview.emergentagent.com', port=443) at 0xfb346c8c3a50&gt;, 'Connection to dynamic-excel-maps.preview.emergentagent.com timed out. (connect timeout=15)'))">/root/.venv/lib/python3.11/site-packages/urllib3/connection.py:204: in _new_conn
    sock = connection.create_connection(
/root/.venv/lib/python3.11/site-packages/urllib3/util/connection.py:85: in create_connection
    raise err
/root/.venv/lib/python3.11/site-packages/urllib3/util/connection.py:73: in create_connection
    sock.connect(sa)
E   TimeoutError: timed out

The above exception was the direct cause of the following exception:
/root/.venv/lib/python3.11/site-packages/urllib3/connectionpool.py:788: in urlopen
    response = self._make_request(
/root/.venv/lib/python3.11/site-packages/urllib3/connectionpool.py:488: in _make_request
    raise new_e
/root/.venv/lib/python3.11/site-packages/urllib3/connectionpool.py:464: in _make_request
    self._validate_conn(conn)
/root/.venv/lib/python3.11/site-packages/urllib3/connectionpool.py:1106: in _validate_conn
    conn.connect()
/root/.venv/lib/python3.11/site-packages/urllib3/connection.py:759: in connect
    self.sock = sock = self._new_conn()
                       ^^^^^^^^^^^^^^^^
/root/.venv/lib/python3.11/site-packages/urllib3/connection.py:213: in _new_conn
    raise ConnectTimeoutError(
E   urllib3.exceptions.ConnectTimeoutError: (&lt;HTTPSConnection(host='dynamic-excel-maps.preview.emergentagent.com', port=443) at 0xfb346c8c3a50&gt;, 'Connection to dynamic-excel-maps.preview.emergentagent.com timed out. (connect timeout=15)')

The above exception was the direct cause of the following exception:
/root/.venv/lib/python3.11/site-packages/requests/adapters.py:696: in send
    resp = conn.urlopen(
/root/.venv/lib/python3.11/site-packages/urllib3/connectionpool.py:842: in urlopen
    retries = retries.increment(
/root/.venv/lib/python3.11/site-packages/urllib3/util/retry.py:543: in increment
    raise MaxRetryError(_pool, url, reason) from reason  # type: ignore[arg-type]
    ^^^^^^^^^^^^^^^^^^^^^^^^^^^^^^^^^^^^^^^^^^^^^^^^^^^
E   urllib3.exceptions.MaxRetryError: HTTPSConnectionPool(host='dynamic-excel-maps.preview.emergentagent.com', port=443): Max retries exceeded with url: /api/maps (Caused by ConnectTimeoutError(&lt;HTTPSConnection(host='dynamic-excel-maps.preview.emergentagent.com', port=443) at 0xfb346c8c3a50&gt;, 'Connection to dynamic-excel-maps.preview.emergentagent.com timed out. (connect timeout=15)'))

During handling of the above exception, another exception occurred:
backend/tests/test_map_columns_config.py:115: in test_create_map_with_lat_lng_persists
    r = requests.post(f"{API}/maps", json=payload, headers=_headers(test_session), timeout=15)
        ^^^^^^^^^^^^^^^^^^^^^^^^^^^^^^^^^^^^^^^^^^^^^^^^^^^^^^^^^^^^^^^^^^^^^^^^^^^^^^^^^^^^^^
/root/.venv/lib/python3.11/site-packages/requests/api.py:134: in post
    return request("post", url, data=data, json=json, **kwargs)
           ^^^^^^^^^^^^^^^^^^^^^^^^^^^^^^^^^^^^^^^^^^^^^^^^^^^^
/root/.venv/lib/python3.11/site-packages/requests/api.py:71: in request
    return session.request(method=method, url=url, **kwargs)
           ^^^^^^^^^^^^^^^^^^^^^^^^^^^^^^^^^^^^^^^^^^^^^^^^^
/root/.venv/lib/python3.11/site-packages/requests/sessions.py:651: in request
    resp = self.send(prep, **send_kwargs)
           ^^^^^^^^^^^^^^^^^^^^^^^^^^^^^^
/root/.venv/lib/python3.11/site-packages/requests/sessions.py:784: in send
    r = adapter.send(request, **kwargs)
        ^^^^^^^^^^^^^^^^^^^^^^^^^^^^^^^
/root/.venv/lib/python3.11/site-packages/requests/adapters.py:717: in send
    raise ConnectTimeout(e, request=request)
E   requests.exceptions.ConnectTimeout: HTTPSConnectionPool(host='dynamic-excel-maps.preview.emergentagent.com', port=443): Max retries exceeded with url: /api/maps (Caused by ConnectTimeoutError(&lt;HTTPSConnection(host='dynamic-excel-maps.preview.emergentagent.com', port=443) at 0xfb346c8c3a50&gt;, 'Connection to dynamic-excel-maps.preview.emergentagent.com timed out. (connect timeout=15)'))</failure></testcase><testcase classname="tests.test_iteration6_collab.TestAccessControl" name="test_editor_get_returns_404_before_added" time="30.032"><error message="failed on setup with &quot;requests.exceptions.ConnectTimeout: HTTPSConnectionPool(host='dynamic-excel-maps.preview.emergentagent.com', port=443): Max retries exceeded with url: /api/maps (Caused by ConnectTimeoutError(&lt;HTTPSConnection(host='dynamic-excel-maps.preview.emergentagent.com', port=443) at 0xfada93f43a90&gt;, 'Connection to dynamic-excel-maps.preview.emergentagent.com timed out. (connect timeout=15)'))&quot;">/root/.venv/lib/python3.11/site-packages/urllib3/connection.py:204: in _new_conn
    sock = connection.create_connection(
/root/.venv/lib/python3.11/site-packages/urllib3/util/connection.py:85: in create_connection
    raise err
/root/.venv/lib/python3.11/site-packages/urllib3/util/connection.py:73: in create_connection
    sock.connect(sa)
E   TimeoutError: timed out

The above exception was the direct cause of the following exception:
/root/.venv/lib/python3.11/site-packages/urllib3/connectionpool.py:788: in urlopen
    response = self._make_request(
/root/.venv/lib/python3.11/site-packages/urllib3/connectionpool.py:488: in _make_request
    raise new_e
/root/.venv/lib/python3.11/site-packages/urllib3/connectionpool.py:464: in _make_request
    self._validate_conn(conn)
/root/.venv/lib/python3.11/site-packages/urllib3/connectionpool.py:1106: in _validate_conn
    conn.connect()
/root/.venv/lib/python3.11/site-packages/urllib3/connection.py:759: in connect
    self.sock = sock = self._new_conn()
                       ^^^^^^^^^^^^^^^^
/root/.venv/lib/python3.11/site-packages/urllib3/connection.py:213: in _new_conn
    raise ConnectTimeoutError(
E   urllib3.exceptions.ConnectTimeoutError: (&lt;HTTPSConnection(host='dynamic-excel-maps.preview.emergentagent.com', port=443) at 0xfada93f43a90&gt;, 'Connection to dynamic-excel-maps.preview.emergentagent.com timed out. (connect timeout=15)')

The above exception was the direct cause of the following exception:
/root/.venv/lib/python3.11/site-packages/requests/adapters.py:696: in send
    resp = conn.urlopen(
/root/.venv/lib/python3.11/site-packages/urllib3/connectionpool.py:842: in urlopen
    retries = retries.increment(
/root/.venv/lib/python3.11/site-packages/urllib3/util/retry.py:543: in increment
    raise MaxRetryError(_pool, url, reason) from reason  # type: ignore[arg-type]
    ^^^^^^^^^^^^^^^^^^^^^^^^^^^^^^^^^^^^^^^^^^^^^^^^^^^
E   urllib3.exceptions.MaxRetryError: HTTPSConnectionPool(host='dynamic-excel-maps.preview.emergentagent.com', port=443): Max retries exceeded with url: /api/maps (Caused by ConnectTimeoutError(&lt;HTTPSConnection(host='dynamic-excel-maps.preview.emergentagent.com', port=443) at 0xfada93f43a90&gt;, 'Connection to dynamic-excel-maps.preview.emergentagent.com timed out. (connect timeout=15)'))

During handling of the above exception, another exception occurred:
backend/tests/test_iteration6_collab.py:156: in owned_map
    body = _create_map(owner_session, name=f"TEST_access_{uuid.uuid4().hex[:6]}")
           ^^^^^^^^^^^^^^^^^^^^^^^^^^^^^^^^^^^^^^^^^^^^^^^^^^^^^^^^^^^^^^^^^^^^^^
backend/tests/test_iteration6_collab.py:134: in _create_map
    r = requests.post(f"{API}/maps", json=payload, headers=_h(owner_session), timeout=15)
        ^^^^^^^^^^^^^^^^^^^^^^^^^^^^^^^^^^^^^^^^^^^^^^^^^^^^^^^^^^^^^^^^^^^^^^^^^^^^^^^^^
/root/.venv/lib/python3.11/site-packages/requests/api.py:134: in post
    return request("post", url, data=data, json=json, **kwargs)
           ^^^^^^^^^^^^^^^^^^^^^^^^^^^^^^^^^^^^^^^^^^^^^^^^^^^^
/root/.venv/lib/python3.11/site-packages/requests/api.py:71: in request
    return session.request(method=method, url=url, **kwargs)
           ^^^^^^^^^^^^^^^^^^^^^^^^^^^^^^^^^^^^^^^^^^^^^^^^^
/root/.venv/lib/python3.11/site-packages/requests/sessions.py:651: in request
    resp = self.send(prep, **send_kwargs)
           ^^^^^^^^^^^^^^^^^^^^^^^^^^^^^^
/root/.venv/lib/python3.11/site-packages/requests/sessions.py:784: in send
    r = adapter.send(request, **kwargs)
        ^^^^^^^^^^^^^^^^^^^^^^^^^^^^^^^
/root/.venv/lib/python3.11/site-packages/requests/adapters.py:717: in send
    raise ConnectTimeout(e, request=request)
E   requests.exceptions.ConnectTimeout: HTTPSConnectionPool(host='dynamic-excel-maps.preview.emergentagent.com', port=443): Max retries exceeded with url: /api/maps (Caused by ConnectTimeoutError(&lt;HTTPSConnection(host='dynamic-excel-maps.preview.emergentagent.com', port=443) at 0xfada93f43a90&gt;, 'Connection to dynamic-excel-maps.preview.emergentagent.com timed out. (connect timeout=15)'))</error></testcase><testcase classname="tests.test_map_columns_config.TestMapColumnsFeature" name="test_patch_map_updates_lat_lng" time="0.000"><skipped type="pytest.skip" message="Prior create test did not run">/app/backend/tests/test_map_columns_config.py:155: Prior create test did not run</skipped></testcase><testcase classname="tests.test_map_columns_config.TestMapColumnsFeature" name="test_backwards_compat_legacy_map_listable" time="18.346" /><testcase classname="tests.test_iteration6_collab.TestAccessControl" name="test_stranger_get_returns_404" time="33.441" /><testcase classname="tests.test_map_columns_config.TestMapColumnsFeature" name="test_delete_map_still_works" time="0.001"><skipped type="pytest.skip" message="No map to delete">/app/backend/tests/test_map_columns_config.py:222: No map to delete</skipped></testcase><testcase classname="tests.test_iteration7_row_range.TestCreateMapRowRange" name="test_create_without_row_range_defaults_to_null" time="0.131" /><testcase classname="tests.test_iteration7_row_range.TestCreateMapRowRange" name="test_create_with_row_range_persists" time="16.524" /><testcase classname="tests.test_iteration6_collab.TestShareEndpointsOwnerOnly" name="test_editor_cannot_enable_share" time="0.692" /><testcase classname="tests.test_iteration7_row_range.TestCreateMapRowRange" name="test_create_with_only_row_from" time="0.118" /><testcase classname="tests.test_iteration7_row_range.TestCreateMapRowRange" name="test_create_with_explicit_null_row_range" time="0.115" /><testcase classname="tests.test_preview_and_empty_status.TestSheetPreviewAuth" name="test_preview_missing_session_returns_401" time="0.104" /><testcase classname="tests.test_preview_and_empty_status.TestSheetPreviewAuth" name="test_preview_missing_header_returns_422" time="0.118" /><testcase classname="tests.test_preview_and_empty_status.TestSheetPreviewAuth" name="test_preview_invalid_session_returns_401" time="0.118" /><testcase classname="tests.test_preview_and_empty_status.TestSheetPreviewAuth" name="test_preview_accepts_query_params" time="0.412" /><testcase classname="tests.test_preview_and_empty_status.TestEmptyStatusSentinel" name="test_create_map_with_empty_sentinel" time="0.117" /><testcase classname="tests.test_preview_and_empty_status.TestEmptyStatusSentinel" name="test_patch_adds_empty_sentinel" time="0.324" /><testcase classname="tests.test_preview_and_empty_status.TestEmptyStatusSentinel" name="test_patch_only_empty_sentinel" time="0.211" /><testcase classname="tests.test_preview_and_empty_status.TestEmptyStatusSentinel" name="test_patch_remove_empty_sentinel" time="0.216" /><testcase classname="tests.test_share_and_status.TestShareEndpoints" name="test_enable_share_generates_hex32" time="0.214" /><testcase classname="tests.test_share_and_status.TestShareEndpoints" name="test_rotate_share_generates_different_token" time="0.105" /><testcase classname="tests.test_share_and_status.TestShareEndpoints" name="test_disable_share_keeps_token_but_sets_public_false" time="0.123" /><testcase classname="tests.test_share_and_status.TestShareEndpoints" name="test_reenable_share_reuses_existing_token" time="0.109" /><testcase classname="tests.test_share_and_status.TestShareAuth" name="test_enable_share_without_session_returns_401" time="0.254" /><testcase classname="tests.test_share_and_status.TestShareAuth" name="test_rotate_share_without_session_returns_401" time="0.506" /><testcase classname="tests.test_share_and_status.TestShareAuth" name="test_disable_share_without_session_returns_401" time="0.221" /><testcase classname="tests.test_share_and_status.TestShareAuth" name="test_cannot_share_another_users_map" time="0.445" /><testcase classname="tests.test_share_and_status.TestPublicEndpoint" name="test_public_map_returns_data_and_hides_sensitive" time="0.320" /><testcase classname="tests.test_share_and_status.TestPublicEndpoint" name="test_public_map_invalid_token_returns_404" time="0.096" /><testcase classname="tests.test_share_and_status.TestPublicEndpoint" name="test_public_map_disabled_returns_404_even_with_valid_token" time="0.552" /><testcase classname="tests.test_share_and_status.TestPublicEndpoint" name="test_public_endpoint_requires_no_auth" time="0.301" /><testcase classname="tests.test_iteration10_uploads.TestListUploads" name="test_no_session" time="0.115" /><testcase classname="tests.test_iteration10_uploads.TestListUploads" name="test_list_returns_own_uploads_without_data" time="0.201" /><testcase classname="tests.test_iteration10_uploads.TestListUploads" name="test_user_isolation" time="0.100" /><testcase classname="tests.test_iteration10_uploads.TestMapCreateWithSource" name="test_default_source_is_onedrive" time="0.101" /><testcase classname="tests.test_iteration10_uploads.TestMapCreateWithSource" name="test_explicit_onedrive" time="0.094" /><testcase classname="tests.test_iteration10_uploads.TestMapCreateWithSource" name="test_upload_source_persists" time="0.210" /><testcase classname="tests.test_iteration7_row_range.TestPatchRowRange" name="test_patch_sets_row_range" time="0.300" /><testcase classname="tests.test_iteration7_row_range.TestPatchRowRange" name="test_patch_only_row_to" time="0.305" /><testcase classname="tests.test_iteration7_row_range.TestPatchRowRange" name="test_patch_null_resets_field" time="0.296" /><testcase classname="tests.test_iteration7_row_range.TestPatchRename" name="test_owner_can_rename" time="0.306" /><testcase classname="tests.test_iteration7_row_range.TestPatchRename" name="test_editor_can_rename" time="0.372" /><testcase classname="tests.test_iteration7_row_range.TestPatchRename" name="test_rename_and_row_range_together" time="0.219" /><testcase classname="tests.test_share_and_status.TestMapCreateNewFields" name="test_create_map_defaults" time="0.096" /><testcase classname="tests.test_share_and_status.TestMapCreateNewFields" name="test_create_map_with_all_new_fields" time="0.098" /><testcase classname="tests.test_share_and_status.TestMapCreateNewFields" name="test_patch_map_updates_new_fields" time="0.626" /><testcase classname="tests.test_iteration6_collab.TestShareEndpointsOwnerOnly" name="test_owner_can_enable_share" time="11.579" /><testcase classname="tests.test_iteration10_uploads.TestMapDataFromUpload" name="test_map_data_from_upload_no_ms_graph" time="2.371" /><testcase classname="tests.test_iteration6_collab.TestShareEndpointsOwnerOnly" name="test_editor_cannot_rotate_share" time="0.366" /><testcase classname="tests.test_iteration10_uploads.TestMapDataFromUpload" name="test_editor_can_access_uploaded_map" time="0.461" /><testcase classname="tests.test_iteration6_collab.TestShareEndpointsOwnerOnly" name="test_editor_cannot_disable_share" time="0.318" /><testcase classname="tests.test_preview_and_empty_status.TestMapDataResponseShape" name="test_status_has_empty_in_source" time="0.000" /><testcase classname="tests.test_preview_and_empty_status.TestMapDataResponseShape" name="test_build_map_rows_handles_empty_sentinel" time="0.000" /><testcase classname="tests.test_iteration6_collab.TestCreateMapOwnerFields" name="test_create_map_stores_owner_email_lowercase" time="0.112" /><testcase classname="tests.test_iteration10_uploads.TestDeleteUpload" name="test_delete_other_users_upload_returns_404" time="0.105" /><testcase classname="tests.test_iteration6_collab.TestLegacyMapCompat" name="test_legacy_map_is_owner_true_by_user_id" time="0.104" /><testcase classname="tests.test_iteration10_uploads.TestDeleteUpload" name="test_delete_own_upload" time="0.324" /><testcase classname="tests.test_iteration7_row_range.TestLegacyRowRangeCompat" name="test_legacy_map_without_row_fields_still_readable" time="0.238" /><testcase classname="tests.test_ms_oauth_callback.TestMicrosoftClientSecretFix" name="test_callback_with_fake_code_but_valid_state_returns_invalid_grant_not_invalid_client" time="0.346" /><testcase classname="tests.test_iteration7_row_range.TestCleanup" name="test_no_test_data_leaks" time="0.001" /></testsuite></testsuites>