<?xml version="1.0" encoding="utf-8"?><testsuites name="pytest tests"><testsuite name="pytest" errors="0" failures="0" skipped="0" tests="14" time="2.808" timestamp="2026-07-06T17:16:11.653100+00:00" hostname="agent-env-bd8c5bdb-1fb2-4f23-a228-0fd7f3ed17e3"><testcase classname="tests.test_iteration8_dynamic_redirect" name="test_production_redirect_accepted" time="0.186" /><testcase classname="tests.test_iteration8_dynamic_redirect" name="test_preview_redirect_accepted" time="0.118" /><testcase classname="tests.test_iteration8_dynamic_redirect" name="test_no_redirect_uses_env_fallback" time="0.119" /><testcase classname="tests.test_iteration8_dynamic_redirect" name="test_malicious_redirect_rejected" time="0.131" /><testcase classname="tests.test_iteration8_dynamic_redirect" name="test_wrong_path_rejected" time="0.136" /><testcase classname="tests.test_iteration8_dynamic_redirect" name="test_localhost_accepted" time="0.124" /><testcase classname="tests.test_iteration8_dynamic_redirect" name="test_not_a_url_rejected" time="0.113" /><testcase classname="tests.test_iteration8_dynamic_redirect" name="test_emergent_host_subdomain_accepted" time="0.106" /><testcase classname="tests.test_iteration8_dynamic_redirect" name="test_lookalike_host_rejected" time="0.101" /><testcase classname="tests.test_iteration8_dynamic_redirect" name="test_state_persisted_with_custom_redirect" time="0.119" /><testcase classname="tests.test_iteration8_dynamic_redirect" name="test_state_persisted_with_env_fallback" time="0.119" /><testcase classname="tests.test_iteration8_dynamic_redirect" name="test_callback_invalid_state" time="0.124" /><testcase classname="tests.test_iteration8_dynamic_redirect" name="test_callback_missing_fields" time="0.132" /><testcase classname="tests.test_iteration8_dynamic_redirect" name="test_callback_uses_stored_redirect_not_client_error" time="0.404" /></testsuite></testsuites>