<?xml version="1.0" encoding="utf-8"?><testsuites name="pytest tests"><testsuite name="pytest" errors="0" failures="2" skipped="0" tests="22" time="3.989" timestamp="2026-07-06T18:17:12.529335+00:00" hostname="agent-env-bd8c5bdb-1fb2-4f23-a228-0fd7f3ed17e3"><testcase classname="tests.test_iteration10_uploads.TestUploadExcel" name="test_upload_valid_xlsx" time="0.381" /><testcase classname="tests.test_iteration10_uploads.TestUploadSheets" name="test_sheets_list" time="0.477" /><testcase classname="tests.test_iteration10_uploads.TestUploadExcel" name="test_upload_no_session" time="0.142"><failure message="assert 422 == 401&#10; +  where 422 = &lt;Response [422]&gt;.status_code">backend/tests/test_iteration10_uploads.py:150: in test_upload_no_session
    assert r.status_code == 401
E   assert 422 == 401
E    +  where 422 = &lt;Response [422]&gt;.status_code</failure></testcase><testcase classname="tests.test_iteration10_uploads.TestUploadSheets" name="test_sheets_not_found" time="0.141" /><testcase classname="tests.test_iteration10_uploads.TestUploadExcel" name="test_upload_non_xlsx_extension" time="0.162" /><testcase classname="tests.test_iteration10_uploads.TestUploadSheets" name="test_preview_ok" time="0.102" /><testcase classname="tests.test_iteration10_uploads.TestUploadSheets" name="test_preview_sheet_not_found" time="0.114" /><testcase classname="tests.test_iteration10_uploads.TestUploadExcel" name="test_upload_empty_file" time="0.160" /><testcase classname="tests.test_iteration10_uploads.TestUploadSheets" name="test_data_ok" time="0.155" /><testcase classname="tests.test_iteration10_uploads.TestUploadExcel" name="test_upload_corrupt_xlsx" time="0.158" /><testcase classname="tests.test_iteration10_uploads.TestUploadSheets" name="test_data_invalid_range" time="0.153" /><testcase classname="tests.test_iteration10_uploads.TestUploadExcel" name="test_upload_too_large" time="0.638" /><testcase classname="tests.test_iteration10_uploads.TestListUploads" name="test_no_session" time="0.098"><failure message="assert 422 == 401&#10; +  where 422 = &lt;Response [422]&gt;.status_code">backend/tests/test_iteration10_uploads.py:188: in test_no_session
    assert r.status_code == 401
E   assert 422 == 401
E    +  where 422 = &lt;Response [422]&gt;.status_code</failure></testcase><testcase classname="tests.test_iteration10_uploads.TestListUploads" name="test_list_returns_own_uploads_without_data" time="0.138" /><testcase classname="tests.test_iteration10_uploads.TestListUploads" name="test_user_isolation" time="0.106" /><testcase classname="tests.test_iteration10_uploads.TestMapDataFromUpload" name="test_map_data_from_upload_no_ms_graph" time="0.278" /><testcase classname="tests.test_iteration10_uploads.TestMapCreateWithSource" name="test_default_source_is_onedrive" time="0.119" /><testcase classname="tests.test_iteration10_uploads.TestMapDataFromUpload" name="test_editor_can_access_uploaded_map" time="0.415" /><testcase classname="tests.test_iteration10_uploads.TestMapCreateWithSource" name="test_explicit_onedrive" time="0.107" /><testcase classname="tests.test_iteration10_uploads.TestMapCreateWithSource" name="test_upload_source_persists" time="0.356" /><testcase classname="tests.test_iteration10_uploads.TestDeleteUpload" name="test_delete_other_users_upload_returns_404" time="0.098" /><testcase classname="tests.test_iteration10_uploads.TestDeleteUpload" name="test_delete_own_upload" time="0.314" /></testsuite></testsuites>