<?xml version="1.0" encoding="utf-8"?><testsuites name="pytest tests"><testsuite name="pytest" errors="0" failures="0" skipped="0" tests="135" time="88.833" timestamp="2026-07-06T18:20:39.808318+00:00" hostname="agent-env-bd8c5bdb-1fb2-4f23-a228-0fd7f3ed17e3"><testcase classname="tests.test_iteration10_uploads.TestUploadExcel" name="test_upload_valid_xlsx" time="0.142" /><testcase classname="tests.test_iteration10_uploads.TestUploadExcel" name="test_upload_no_session" time="0.923" /><testcase classname="tests.test_iteration10_uploads.TestUploadExcel" name="test_upload_non_xlsx_extension" time="0.106" /><testcase classname="tests.test_iteration10_uploads.TestUploadExcel" name="test_upload_empty_file" time="0.092" /><testcase classname="tests.test_iteration10_uploads.TestUploadExcel" name="test_upload_corrupt_xlsx" time="0.126" /><testcase classname="tests.test_iteration10_uploads.TestUploadExcel" name="test_upload_too_large" time="4.930" /><testcase classname="tests.test_iteration10_uploads.TestListUploads" name="test_no_session" time="0.154" /><testcase classname="tests.test_iteration10_uploads.TestListUploads" name="test_list_returns_own_uploads_without_data" time="0.209" /><testcase classname="tests.test_iteration10_uploads.TestListUploads" name="test_user_isolation" time="0.120" /><testcase classname="tests.test_iteration10_uploads.TestUploadSheets" name="test_sheets_list" time="0.116" /><testcase classname="tests.test_iteration10_uploads.TestUploadSheets" name="test_sheets_not_found" time="0.101" /><testcase classname="tests.test_iteration10_uploads.TestUploadSheets" name="test_preview_ok" time="0.148" /><testcase classname="tests.test_iteration10_uploads.TestUploadSheets" name="test_preview_sheet_not_found" time="0.126" /><testcase classname="tests.test_iteration10_uploads.TestUploadSheets" name="test_data_ok" time="0.115" /><testcase classname="tests.test_iteration10_uploads.TestUploadSheets" name="test_data_invalid_range" time="0.113" /><testcase classname="tests.test_iteration10_uploads.TestMapCreateWithSource" name="test_default_source_is_onedrive" time="0.108" /><testcase classname="tests.test_iteration10_uploads.TestMapCreateWithSource" name="test_explicit_onedrive" time="0.128" /><testcase classname="tests.test_iteration10_uploads.TestMapCreateWithSource" name="test_upload_source_persists" time="0.214" /><testcase classname="tests.test_iteration10_uploads.TestMapDataFromUpload" name="test_map_data_from_upload_no_ms_graph" time="0.230" /><testcase classname="tests.test_iteration10_uploads.TestMapDataFromUpload" name="test_editor_can_access_uploaded_map" time="0.449" /><testcase classname="tests.test_iteration10_uploads.TestDeleteUpload" name="test_delete_other_users_upload_returns_404" time="0.124" /><testcase classname="tests.test_iteration10_uploads.TestDeleteUpload" name="test_delete_own_upload" time="0.323" /><testcase classname="tests.test_iteration6_collab.TestPromptParam" name="test_no_prompt" time="0.103" /><testcase classname="tests.test_iteration6_collab.TestPromptParam" name="test_valid_prompts[select_account]" time="0.106" /><testcase classname="tests.test_iteration6_collab.TestPromptParam" name="test_valid_prompts[login]" time="0.103" /><testcase classname="tests.test_iteration6_collab.TestPromptParam" name="test_valid_prompts[consent]" time="0.115" /><testcase classname="tests.test_iteration6_collab.TestPromptParam" name="test_valid_prompts[none]" time="0.113" /><testcase classname="tests.test_iteration6_collab.TestPromptParam" name="test_invalid_prompt_ignored" time="0.104" /><testcase classname="tests.test_iteration6_collab.TestPromptParam" name="test_empty_prompt_ignored" time="0.121" /><testcase classname="tests.test_iteration6_collab.TestCreateMapOwnerFields" name="test_create_map_stores_owner_email_lowercase" time="0.106" /><testcase classname="tests.test_iteration6_collab.TestAccessControl" name="test_list_maps_owner_sees_is_owner_true" time="0.221" /><testcase classname="tests.test_iteration6_collab.TestAccessControl" name="test_editor_cannot_see_map_before_added" time="0.220" /><testcase classname="tests.test_iteration6_collab.TestAccessControl" name="test_editor_get_returns_404_before_added" time="0.206" /><testcase classname="tests.test_iteration6_collab.TestAccessControl" name="test_stranger_get_returns_404" time="0.247" /><testcase classname="tests.test_iteration6_collab.TestEditorsEndpoints" name="test_owner_add_editor_lowercase_and_dedup" time="0.293" /><testcase classname="tests.test_iteration6_collab.TestEditorsEndpoints" name="test_owner_add_invalid_email_400" time="0.223" /><testcase classname="tests.test_iteration6_collab.TestEditorsEndpoints" name="test_owner_add_self_as_editor_400" time="0.205" /><testcase classname="tests.test_iteration6_collab.TestEditorsEndpoints" name="test_editor_can_list_editors" time="0.329" /><testcase classname="tests.test_iteration6_collab.TestEditorsEndpoints" name="test_editor_cannot_add_editor" time="0.308" /><testcase classname="tests.test_iteration6_collab.TestEditorsEndpoints" name="test_stranger_get_editors_404" time="0.204" /><testcase classname="tests.test_iteration6_collab.TestEditorsEndpoints" name="test_delete_editor_owner_only" time="0.431" /><testcase classname="tests.test_iteration6_collab.TestEditorsEndpoints" name="test_delete_nonexistent_editor_no_error" time="0.232" /><testcase classname="tests.test_iteration6_collab.TestEditorPrivileges" name="test_editor_sees_map_in_list_with_is_owner_false" time="0.349" /><testcase classname="tests.test_iteration6_collab.TestEditorPrivileges" name="test_editor_get_map_is_owner_false" time="0.321" /><testcase classname="tests.test_iteration6_collab.TestEditorPrivileges" name="test_owner_get_map_is_owner_true" time="0.316" /><testcase classname="tests.test_iteration6_collab.TestEditorPrivileges" name="test_editor_can_patch" time="0.310" /><testcase classname="tests.test_iteration6_collab.TestEditorPrivileges" name="test_stranger_cannot_patch" time="0.332" /><testcase classname="tests.test_iteration6_collab.TestEditorPrivileges" name="test_editor_can_put_point_override" time="0.369" /><testcase classname="tests.test_iteration6_collab.TestEditorPrivileges" name="test_editor_can_delete_point_override" time="0.418" /><testcase classname="tests.test_iteration6_collab.TestEditorPrivileges" name="test_stranger_point_override_404" time="0.343" /><testcase classname="tests.test_iteration6_collab.TestEditorPrivileges" name="test_editor_cannot_delete_map" time="0.332" /><testcase classname="tests.test_iteration6_collab.TestShareEndpointsOwnerOnly" name="test_editor_cannot_enable_share" time="0.343" /><testcase classname="tests.test_iteration6_collab.TestShareEndpointsOwnerOnly" name="test_owner_can_enable_share" time="0.320" /><testcase classname="tests.test_iteration6_collab.TestShareEndpointsOwnerOnly" name="test_editor_cannot_rotate_share" time="0.354" /><testcase classname="tests.test_iteration6_collab.TestShareEndpointsOwnerOnly" name="test_editor_cannot_disable_share" time="0.336" /><testcase classname="tests.test_iteration6_collab.TestLegacyMapCompat" name="test_legacy_map_is_owner_true_by_user_id" time="0.106" /><testcase classname="tests.test_iteration7_row_range.TestCreateMapRowRange" name="test_create_without_row_range_defaults_to_null" time="0.109" /><testcase classname="tests.test_iteration7_row_range.TestCreateMapRowRange" name="test_create_with_row_range_persists" time="0.218" /><testcase classname="tests.test_iteration7_row_range.TestCreateMapRowRange" name="test_create_with_only_row_from" time="0.109" /><testcase classname="tests.test_iteration7_row_range.TestCreateMapRowRange" name="test_create_with_explicit_null_row_range" time="0.102" /><testcase classname="tests.test_iteration7_row_range.TestPatchRowRange" name="test_patch_sets_row_range" time="0.314" /><testcase classname="tests.test_iteration7_row_range.TestPatchRowRange" name="test_patch_only_row_to" time="0.305" /><testcase classname="tests.test_iteration7_row_range.TestPatchRowRange" name="test_patch_null_resets_field" time="0.311" /><testcase classname="tests.test_iteration7_row_range.TestPatchRename" name="test_owner_can_rename" time="1.364" /><testcase classname="tests.test_iteration7_row_range.TestPatchRename" name="test_editor_can_rename" time="1.350" /><testcase classname="tests.test_iteration7_row_range.TestPatchRename" name="test_rename_and_row_range_together" time="0.234" /><testcase classname="tests.test_iteration7_row_range.TestLegacyRowRangeCompat" name="test_legacy_map_without_row_fields_still_readable" time="0.210" /><testcase classname="tests.test_iteration7_row_range.TestCleanup" name="test_no_test_data_leaks" time="0.001" /><testcase classname="tests.test_iteration8_dynamic_redirect" name="test_production_redirect_accepted" time="0.106" /><testcase classname="tests.test_iteration8_dynamic_redirect" name="test_preview_redirect_accepted" time="0.130" /><testcase classname="tests.test_iteration8_dynamic_redirect" name="test_no_redirect_uses_env_fallback" time="0.120" /><testcase classname="tests.test_iteration8_dynamic_redirect" name="test_malicious_redirect_rejected" time="0.112" /><testcase classname="tests.test_iteration8_dynamic_redirect" name="test_wrong_path_rejected" time="0.114" /><testcase classname="tests.test_iteration8_dynamic_redirect" name="test_localhost_accepted" time="0.105" /><testcase classname="tests.test_iteration8_dynamic_redirect" name="test_not_a_url_rejected" time="0.155" /><testcase classname="tests.test_iteration8_dynamic_redirect" name="test_emergent_host_subdomain_accepted" time="0.273" /><testcase classname="tests.test_iteration8_dynamic_redirect" name="test_lookalike_host_rejected" time="2.159" /><testcase classname="tests.test_iteration8_dynamic_redirect" name="test_state_persisted_with_custom_redirect" time="0.099" /><testcase classname="tests.test_iteration8_dynamic_redirect" name="test_state_persisted_with_env_fallback" time="0.105" /><testcase classname="tests.test_iteration8_dynamic_redirect" name="test_callback_invalid_state" time="0.095" /><testcase classname="tests.test_iteration8_dynamic_redirect" name="test_callback_missing_fields" time="0.132" /><testcase classname="tests.test_iteration8_dynamic_redirect" name="test_callback_uses_stored_redirect_not_client_error" time="5.501" /><testcase classname="tests.test_map_columns_config.TestMapColumnsFeature" name="test_create_map_missing_lat_lng_returns_422" time="0.122" /><testcase classname="tests.test_map_columns_config.TestMapColumnsFeature" name="test_create_map_missing_only_lng_returns_422" time="0.107" /><testcase classname="tests.test_map_columns_config.TestMapColumnsFeature" name="test_create_map_with_lat_lng_persists" time="0.325" /><testcase classname="tests.test_map_columns_config.TestMapColumnsFeature" name="test_patch_map_updates_lat_lng" time="0.203" /><testcase classname="tests.test_map_columns_config.TestMapColumnsFeature" name="test_backwards_compat_legacy_map_listable" time="4.295" /><testcase classname="tests.test_map_columns_config.TestMapColumnsFeature" name="test_delete_map_still_works" time="0.220" /><testcase classname="tests.test_map_columns_config.TestRegressionSummary" name="test_root" time="0.098" /><testcase classname="tests.test_map_columns_config.TestRegressionSummary" name="test_microsoft_url" time="0.120" /><testcase classname="tests.test_map_columns_config.TestRegressionSummary" name="test_callback_missing_fields" time="0.118" /><testcase classname="tests.test_map_columns_config.TestRegressionSummary" name="test_callback_invalid_state" time="0.105" /><testcase classname="tests.test_map_columns_config.TestRegressionSummary" name="test_maps_requires_session" time="0.104" /><testcase classname="tests.test_map_columns_config.TestRegressionSummary" name="test_auth_me_invalid_session" time="0.104" /><testcase classname="tests.test_map_columns_config.TestRegressionSummary" name="test_point_override_flow" time="0.430" /><testcase classname="tests.test_ms_oauth_callback.TestMicrosoftClientSecretFix" name="test_callback_with_fake_code_but_valid_state_returns_invalid_grant_not_invalid_client" time="0.322" /><testcase classname="tests.test_ms_oauth_callback.TestRegression" name="test_root" time="0.093" /><testcase classname="tests.test_ms_oauth_callback.TestRegression" name="test_microsoft_url_valid" time="0.116" /><testcase classname="tests.test_ms_oauth_callback.TestRegression" name="test_callback_missing_code_state" time="0.117" /><testcase classname="tests.test_ms_oauth_callback.TestRegression" name="test_callback_invalid_state" time="0.117" /><testcase classname="tests.test_ms_oauth_callback.TestRegression" name="test_protected_onedrive_files_requires_session" time="0.105" /><testcase classname="tests.test_ms_oauth_callback.TestRegression" name="test_protected_maps_requires_session" time="0.125" /><testcase classname="tests.test_ms_oauth_callback.TestRegression" name="test_auth_me_invalid_session" time="0.131" /><testcase classname="tests.test_ms_oauth_callback.TestMapsCRUDWithInjectedSession" name="test_create_map" time="2.266" /><testcase classname="tests.test_ms_oauth_callback.TestMapsCRUDWithInjectedSession" name="test_list_maps_includes_created" time="0.113" /><testcase classname="tests.test_ms_oauth_callback.TestMapsCRUDWithInjectedSession" name="test_get_map" time="0.101" /><testcase classname="tests.test_ms_oauth_callback.TestMapsCRUDWithInjectedSession" name="test_patch_map" time="15.117" /><testcase classname="tests.test_ms_oauth_callback.TestMapsCRUDWithInjectedSession" name="test_put_point_override" time="15.137" /><testcase classname="tests.test_ms_oauth_callback.TestMapsCRUDWithInjectedSession" name="test_delete_point_override" time="11.313" /><testcase classname="tests.test_ms_oauth_callback.TestMapsCRUDWithInjectedSession" name="test_delete_map" time="0.231" /><testcase classname="tests.test_preview_and_empty_status.TestSheetPreviewAuth" name="test_preview_missing_session_returns_401" time="0.112" /><testcase classname="tests.test_preview_and_empty_status.TestSheetPreviewAuth" name="test_preview_missing_header_returns_422" time="0.107" /><testcase classname="tests.test_preview_and_empty_status.TestSheetPreviewAuth" name="test_preview_invalid_session_returns_401" time="0.100" /><testcase classname="tests.test_preview_and_empty_status.TestSheetPreviewAuth" name="test_preview_accepts_query_params" time="0.447" /><testcase classname="tests.test_preview_and_empty_status.TestEmptyStatusSentinel" name="test_create_map_with_empty_sentinel" time="0.108" /><testcase classname="tests.test_preview_and_empty_status.TestEmptyStatusSentinel" name="test_patch_adds_empty_sentinel" time="0.332" /><testcase classname="tests.test_preview_and_empty_status.TestEmptyStatusSentinel" name="test_patch_only_empty_sentinel" time="0.196" /><testcase classname="tests.test_preview_and_empty_status.TestEmptyStatusSentinel" name="test_patch_remove_empty_sentinel" time="0.227" /><testcase classname="tests.test_preview_and_empty_status.TestMapDataResponseShape" name="test_status_has_empty_in_source" time="0.000" /><testcase classname="tests.test_preview_and_empty_status.TestMapDataResponseShape" name="test_build_map_rows_handles_empty_sentinel" time="0.002" /><testcase classname="tests.test_share_and_status.TestMapCreateNewFields" name="test_create_map_defaults" time="0.110" /><testcase classname="tests.test_share_and_status.TestMapCreateNewFields" name="test_create_map_with_all_new_fields" time="0.101" /><testcase classname="tests.test_share_and_status.TestMapCreateNewFields" name="test_patch_map_updates_new_fields" time="0.315" /><testcase classname="tests.test_share_and_status.TestShareEndpoints" name="test_enable_share_generates_hex32" time="0.213" /><testcase classname="tests.test_share_and_status.TestShareEndpoints" name="test_rotate_share_generates_different_token" time="0.128" /><testcase classname="tests.test_share_and_status.TestShareEndpoints" name="test_disable_share_keeps_token_but_sets_public_false" time="0.102" /><testcase classname="tests.test_share_and_status.TestShareEndpoints" name="test_reenable_share_reuses_existing_token" time="0.097" /><testcase classname="tests.test_share_and_status.TestShareAuth" name="test_enable_share_without_session_returns_401" time="0.219" /><testcase classname="tests.test_share_and_status.TestShareAuth" name="test_rotate_share_without_session_returns_401" time="0.209" /><testcase classname="tests.test_share_and_status.TestShareAuth" name="test_disable_share_without_session_returns_401" time="0.204" /><testcase classname="tests.test_share_and_status.TestShareAuth" name="test_cannot_share_another_users_map" time="0.456" /><testcase classname="tests.test_share_and_status.TestPublicEndpoint" name="test_public_map_returns_data_and_hides_sensitive" time="0.367" /><testcase classname="tests.test_share_and_status.TestPublicEndpoint" name="test_public_map_invalid_token_returns_404" time="0.118" /><testcase classname="tests.test_share_and_status.TestPublicEndpoint" name="test_public_map_disabled_returns_404_even_with_valid_token" time="0.542" /><testcase classname="tests.test_share_and_status.TestPublicEndpoint" name="test_public_endpoint_requires_no_auth" time="0.377" /></testsuite></testsuites>