<?xml version="1.0" encoding="utf-8"?><testsuites name="pytest tests"><testsuite name="pytest" errors="4" failures="0" skipped="0" tests="163" time="84.573" timestamp="2026-07-08T15:34:31.723990+00:00" hostname="agent-env-bd8c5bdb-1fb2-4f23-a228-0fd7f3ed17e3"><testcase classname="tests.test_iteration8_dynamic_redirect" name="test_production_redirect_accepted" time="0.407" /><testcase classname="tests.test_iteration12_local_auth_batch" name="test_signup_success" time="0.408" /><testcase classname="tests.test_iteration12_local_auth_batch" name="test_signup_normalizes_email_and_stored_hash" time="0.384" /><testcase classname="tests.test_iteration8_dynamic_redirect" name="test_preview_redirect_accepted" time="0.110" /><testcase classname="tests.test_iteration8_dynamic_redirect" name="test_no_redirect_uses_env_fallback" time="0.230" /><testcase classname="tests.test_iteration8_dynamic_redirect" name="test_malicious_redirect_rejected" time="0.116" /><testcase classname="tests.test_iteration12_local_auth_batch" name="test_signup_invalid_email" time="0.156" /><testcase classname="tests.test_iteration8_dynamic_redirect" name="test_wrong_path_rejected" time="0.149" /><testcase classname="tests.test_iteration12_local_auth_batch" name="test_signup_password_too_short" time="0.098" /><testcase classname="tests.test_iteration8_dynamic_redirect" name="test_localhost_accepted" time="0.107" /><testcase classname="tests.test_iteration12_local_auth_batch" name="test_signup_duplicate_email" time="0.154" /><testcase classname="tests.test_iteration8_dynamic_redirect" name="test_not_a_url_rejected" time="0.150" /><testcase classname="tests.test_iteration12_local_auth_batch" name="test_signup_duplicate_case_insensitive" time="0.106" /><testcase classname="tests.test_iteration8_dynamic_redirect" name="test_emergent_host_subdomain_accepted" time="0.106" /><testcase classname="tests.test_iteration12_local_auth_batch" name="test_login_success_returns_new_session" time="0.330" /><testcase classname="tests.test_iteration8_dynamic_redirect" name="test_lookalike_host_rejected" time="0.260" /><testcase classname="tests.test_iteration8_dynamic_redirect" name="test_state_persisted_with_custom_redirect" time="0.108" /><testcase classname="tests.test_iteration12_local_auth_batch" name="test_login_case_insensitive_email" time="0.397" /><testcase classname="tests.test_iteration8_dynamic_redirect" name="test_state_persisted_with_env_fallback" time="0.253" /><testcase classname="tests.test_iteration8_dynamic_redirect" name="test_callback_invalid_state" time="0.108" /><testcase classname="tests.test_iteration12_local_auth_batch" name="test_login_wrong_password" time="0.323" /><testcase classname="tests.test_iteration8_dynamic_redirect" name="test_callback_missing_fields" time="0.253" /><testcase classname="tests.test_iteration12_local_auth_batch" name="test_login_nonexistent_email_same_generic_error" time="0.100" /><testcase classname="tests.test_iteration8_dynamic_redirect" name="test_callback_uses_stored_redirect_not_client_error" time="0.374" /><testcase classname="tests.test_iteration12_local_auth_batch" name="test_users_email_unique_index" time="0.001" /><testcase classname="tests.test_iteration12_local_auth_batch" name="test_auth_me_with_local_session" time="0.104" /><testcase classname="tests.test_iteration12_local_auth_batch" name="test_local_can_upload_and_create_map_source_upload" time="0.424" /><testcase classname="tests.test_iteration6_collab.TestEditorPrivileges" name="test_editor_sees_map_in_list_with_is_owner_false" time="0.323" /><testcase classname="tests.test_iteration12_local_auth_batch" name="test_local_cannot_fetch_onedrive_source_map_data" time="0.409" /><testcase classname="tests.test_iteration6_collab.TestEditorPrivileges" name="test_editor_get_map_is_owner_false" time="0.329" /><testcase classname="tests.test_iteration12_local_auth_batch" name="test_logout_with_local_session" time="0.205" /><testcase classname="tests.test_iteration12_local_auth_batch" name="test_batch_no_auth_header" time="0.114" /><testcase classname="tests.test_iteration6_collab.TestEditorPrivileges" name="test_owner_get_map_is_owner_true" time="0.387" /><testcase classname="tests.test_iteration12_local_auth_batch" name="test_batch_empty_map_ids" time="0.109" /><testcase classname="tests.test_iteration12_local_auth_batch" name="test_batch_upload_not_owned" time="0.110" /><testcase classname="tests.test_iteration12_local_auth_batch" name="test_batch_updates_owned_and_ignores_foreign" time="0.259" /><testcase classname="tests.test_iteration6_collab.TestEditorPrivileges" name="test_editor_can_patch" time="0.354" /><testcase classname="tests.test_iteration12_local_auth_batch" name="test_batch_all_foreign_returns_404" time="0.102" /><testcase classname="tests.test_iteration12_local_auth_batch" name="test_microsoft_session_can_create_map_default_source" time="0.200" /><testcase classname="tests.test_iteration6_collab.TestEditorPrivileges" name="test_stranger_cannot_patch" time="0.317" /><testcase classname="tests.test_iteration6_collab.TestEditorPrivileges" name="test_editor_can_put_point_override" time="0.101"><error message="failed on setup with &quot;AssertionError: {&quot;detail&quot;:&quot;Invalid session&quot;}&#10;assert 401 == 200&#10; +  where 401 = &lt;Response [401]&gt;.status_code&quot;">E   AssertionError: {"detail":"Invalid session"}
    assert 401 == 200
     +  where 401 = &lt;Response [401]&gt;.status_code</error></testcase><testcase classname="tests.test_iteration6_collab.TestEditorsEndpoints" name="test_owner_add_editor_lowercase_and_dedup" time="0.325" /><testcase classname="tests.test_iteration6_collab.TestEditorPrivileges" name="test_editor_can_delete_point_override" time="0.106"><error message="failed on setup with &quot;AssertionError: {&quot;detail&quot;:&quot;Invalid session&quot;}&#10;assert 401 == 200&#10; +  where 401 = &lt;Response [401]&gt;.status_code&quot;">E   AssertionError: {"detail":"Invalid session"}
    assert 401 == 200
     +  where 401 = &lt;Response [401]&gt;.status_code</error></testcase><testcase classname="tests.test_iteration6_collab.TestEditorPrivileges" name="test_stranger_point_override_404" time="0.112"><error message="failed on setup with &quot;AssertionError: {&quot;detail&quot;:&quot;Invalid session&quot;}&#10;assert 401 == 200&#10; +  where 401 = &lt;Response [401]&gt;.status_code&quot;">E   AssertionError: {"detail":"Invalid session"}
    assert 401 == 200
     +  where 401 = &lt;Response [401]&gt;.status_code</error></testcase><testcase classname="tests.test_iteration6_collab.TestEditorPrivileges" name="test_editor_cannot_delete_map" time="0.114"><error message="failed on setup with &quot;AssertionError: {&quot;detail&quot;:&quot;Invalid session&quot;}&#10;assert 401 == 200&#10; +  where 401 = &lt;Response [401]&gt;.status_code&quot;">E   AssertionError: {"detail":"Invalid session"}
    assert 401 == 200
     +  where 401 = &lt;Response [401]&gt;.status_code</error></testcase><testcase classname="tests.test_iteration11_resolve_email" name="test_prefers_mail_field" time="0.000" /><testcase classname="tests.test_iteration11_resolve_email" name="test_falls_back_to_other_mails" time="0.000" /><testcase classname="tests.test_iteration11_resolve_email" name="test_decodes_guest_upn" time="0.000" /><testcase classname="tests.test_iteration11_resolve_email" name="test_upn_without_ext" time="0.000" /><testcase classname="tests.test_iteration11_resolve_email" name="test_empty_dict_returns_none" time="0.000" /><testcase classname="tests.test_iteration11_resolve_email" name="test_ext_without_underscore_returns_local" time="0.000" /><testcase classname="tests.test_iteration11_resolve_email" name="test_mail_is_stripped" time="0.000" /><testcase classname="tests.test_iteration6_collab.TestPromptParam" name="test_no_prompt" time="0.103" /><testcase classname="tests.test_iteration6_collab.TestEditorsEndpoints" name="test_owner_add_invalid_email_400" time="0.229" /><testcase classname="tests.test_iteration6_collab.TestPromptParam" name="test_valid_prompts[select_account]" time="15.128" /><testcase classname="tests.test_iteration6_collab.TestPromptParam" name="test_valid_prompts[login]" time="0.148" /><testcase classname="tests.test_iteration6_collab.TestEditorsEndpoints" name="test_owner_add_self_as_editor_400" time="30.285" /><testcase classname="tests.test_iteration6_collab.TestPromptParam" name="test_valid_prompts[consent]" time="15.139" /><testcase classname="tests.test_iteration6_collab.TestPromptParam" name="test_valid_prompts[none]" time="0.157" /><testcase classname="tests.test_iteration6_collab.TestEditorsEndpoints" name="test_editor_can_list_editors" time="0.421" /><testcase classname="tests.test_iteration6_collab.TestPromptParam" name="test_invalid_prompt_ignored" time="0.114" /><testcase classname="tests.test_iteration6_collab.TestPromptParam" name="test_empty_prompt_ignored" time="0.143" /><testcase classname="tests.test_map_columns_config.TestRegressionSummary" name="test_root" time="0.096" /><testcase classname="tests.test_iteration6_collab.TestEditorsEndpoints" name="test_editor_cannot_add_editor" time="0.319" /><testcase classname="tests.test_map_columns_config.TestRegressionSummary" name="test_microsoft_url" time="0.103" /><testcase classname="tests.test_map_columns_config.TestRegressionSummary" name="test_callback_missing_fields" time="0.112" /><testcase classname="tests.test_map_columns_config.TestRegressionSummary" name="test_callback_invalid_state" time="0.111" /><testcase classname="tests.test_iteration6_collab.TestEditorsEndpoints" name="test_stranger_get_editors_404" time="0.217" /><testcase classname="tests.test_map_columns_config.TestRegressionSummary" name="test_maps_requires_session" time="0.111" /><testcase classname="tests.test_map_columns_config.TestRegressionSummary" name="test_auth_me_invalid_session" time="0.102" /><testcase classname="tests.test_iteration6_collab.TestEditorsEndpoints" name="test_delete_editor_owner_only" time="0.480" /><testcase classname="tests.test_map_columns_config.TestRegressionSummary" name="test_point_override_flow" time="0.474" /><testcase classname="tests.test_iteration6_collab.TestEditorsEndpoints" name="test_delete_nonexistent_editor_no_error" time="0.201" /><testcase classname="tests.test_ms_oauth_callback.TestMapsCRUDWithInjectedSession" name="test_create_map" time="0.101" /><testcase classname="tests.test_ms_oauth_callback.TestRegression" name="test_root" time="0.100" /><testcase classname="tests.test_ms_oauth_callback.TestMapsCRUDWithInjectedSession" name="test_list_maps_includes_created" time="0.116" /><testcase classname="tests.test_ms_oauth_callback.TestRegression" name="test_microsoft_url_valid" time="0.103" /><testcase classname="tests.test_ms_oauth_callback.TestMapsCRUDWithInjectedSession" name="test_get_map" time="0.104" /><testcase classname="tests.test_ms_oauth_callback.TestRegression" name="test_callback_missing_code_state" time="0.100" /><testcase classname="tests.test_ms_oauth_callback.TestMapsCRUDWithInjectedSession" name="test_patch_map" time="0.124" /><testcase classname="tests.test_ms_oauth_callback.TestRegression" name="test_callback_invalid_state" time="0.104" /><testcase classname="tests.test_ms_oauth_callback.TestMapsCRUDWithInjectedSession" name="test_put_point_override" time="0.113" /><testcase classname="tests.test_ms_oauth_callback.TestRegression" name="test_protected_onedrive_files_requires_session" time="0.159" /><testcase classname="tests.test_ms_oauth_callback.TestMapsCRUDWithInjectedSession" name="test_delete_point_override" time="0.110" /><testcase classname="tests.test_ms_oauth_callback.TestRegression" name="test_protected_maps_requires_session" time="0.104" /><testcase classname="tests.test_ms_oauth_callback.TestMapsCRUDWithInjectedSession" name="test_delete_map" time="0.229" /><testcase classname="tests.test_ms_oauth_callback.TestRegression" name="test_auth_me_invalid_session" time="0.109" /><testcase classname="tests.test_iteration10_uploads.TestUploadExcel" name="test_upload_valid_xlsx" time="0.115" /><testcase classname="tests.test_iteration10_uploads.TestUploadSheets" name="test_sheets_list" time="0.237" /><testcase classname="tests.test_iteration10_uploads.TestUploadExcel" name="test_upload_no_session" time="0.118" /><testcase classname="tests.test_iteration10_uploads.TestUploadSheets" name="test_sheets_not_found" time="0.105" /><testcase classname="tests.test_iteration10_uploads.TestUploadExcel" name="test_upload_non_xlsx_extension" time="0.104" /><testcase classname="tests.test_iteration10_uploads.TestUploadSheets" name="test_preview_ok" time="0.112" /><testcase classname="tests.test_iteration10_uploads.TestUploadExcel" name="test_upload_empty_file" time="0.264" /><testcase classname="tests.test_iteration10_uploads.TestUploadSheets" name="test_preview_sheet_not_found" time="0.103" /><testcase classname="tests.test_iteration10_uploads.TestUploadSheets" name="test_data_ok" time="0.111" /><testcase classname="tests.test_iteration10_uploads.TestUploadExcel" name="test_upload_corrupt_xlsx" time="0.103" /><testcase classname="tests.test_iteration10_uploads.TestUploadSheets" name="test_data_invalid_range" time="0.123" /><testcase classname="tests.test_iteration10_uploads.TestUploadExcel" name="test_upload_too_large" time="0.649" /><testcase classname="tests.test_map_columns_config.TestMapColumnsFeature" name="test_create_map_missing_lat_lng_returns_422" time="0.111" /><testcase classname="tests.test_map_columns_config.TestMapColumnsFeature" name="test_create_map_missing_only_lng_returns_422" time="0.103" /><testcase classname="tests.test_map_columns_config.TestMapColumnsFeature" name="test_create_map_with_lat_lng_persists" time="0.312" /><testcase classname="tests.test_map_columns_config.TestMapColumnsFeature" name="test_patch_map_updates_lat_lng" time="0.258" /><testcase classname="tests.test_iteration6_collab.TestAccessControl" name="test_list_maps_owner_sees_is_owner_true" time="0.200" /><testcase classname="tests.test_map_columns_config.TestMapColumnsFeature" name="test_backwards_compat_legacy_map_listable" time="0.210" /><testcase classname="tests.test_iteration6_collab.TestAccessControl" name="test_editor_cannot_see_map_before_added" time="0.247" /><testcase classname="tests.test_map_columns_config.TestMapColumnsFeature" name="test_delete_map_still_works" time="0.299" /><testcase classname="tests.test_iteration6_collab.TestAccessControl" name="test_editor_get_returns_404_before_added" time="0.269" /><testcase classname="tests.test_iteration6_collab.TestAccessControl" name="test_stranger_get_returns_404" time="0.241" /><testcase classname="tests.test_iteration6_collab.TestShareEndpointsOwnerOnly" name="test_editor_cannot_enable_share" time="0.345" /><testcase classname="tests.test_iteration7_row_range.TestCreateMapRowRange" name="test_create_without_row_range_defaults_to_null" time="0.117" /><testcase classname="tests.test_iteration7_row_range.TestCreateMapRowRange" name="test_create_with_row_range_persists" time="0.240" /><testcase classname="tests.test_iteration6_collab.TestShareEndpointsOwnerOnly" name="test_owner_can_enable_share" time="0.374" /><testcase classname="tests.test_iteration7_row_range.TestCreateMapRowRange" name="test_create_with_only_row_from" time="0.117" /><testcase classname="tests.test_iteration7_row_range.TestCreateMapRowRange" name="test_create_with_explicit_null_row_range" time="0.103" /><testcase classname="tests.test_preview_and_empty_status.TestSheetPreviewAuth" name="test_preview_missing_session_returns_401" time="0.102" /><testcase classname="tests.test_iteration6_collab.TestShareEndpointsOwnerOnly" name="test_editor_cannot_rotate_share" time="0.297" /><testcase classname="tests.test_preview_and_empty_status.TestSheetPreviewAuth" name="test_preview_missing_header_returns_422" time="0.126" /><testcase classname="tests.test_preview_and_empty_status.TestSheetPreviewAuth" name="test_preview_invalid_session_returns_401" time="0.157" /><testcase classname="tests.test_preview_and_empty_status.TestSheetPreviewAuth" name="test_preview_accepts_query_params" time="0.563" /><testcase classname="tests.test_iteration6_collab.TestShareEndpointsOwnerOnly" name="test_editor_cannot_disable_share" time="0.369" /><testcase classname="tests.test_preview_and_empty_status.TestEmptyStatusSentinel" name="test_create_map_with_empty_sentinel" time="0.107" /><testcase classname="tests.test_preview_and_empty_status.TestEmptyStatusSentinel" name="test_patch_adds_empty_sentinel" time="0.377" /><testcase classname="tests.test_share_and_status.TestShareEndpoints" name="test_enable_share_generates_hex32" time="0.222" /><testcase classname="tests.test_preview_and_empty_status.TestEmptyStatusSentinel" name="test_patch_only_empty_sentinel" time="0.208" /><testcase classname="tests.test_share_and_status.TestShareEndpoints" name="test_rotate_share_generates_different_token" time="0.158" /><testcase classname="tests.test_preview_and_empty_status.TestEmptyStatusSentinel" name="test_patch_remove_empty_sentinel" time="0.203" /><testcase classname="tests.test_share_and_status.TestShareEndpoints" name="test_disable_share_keeps_token_but_sets_public_false" time="0.157" /><testcase classname="tests.test_share_and_status.TestShareAuth" name="test_enable_share_without_session_returns_401" time="0.258" /><testcase classname="tests.test_share_and_status.TestShareEndpoints" name="test_reenable_share_reuses_existing_token" time="0.102" /><testcase classname="tests.test_share_and_status.TestPublicEndpoint" name="test_public_map_returns_data_and_hides_sensitive" time="0.369" /><testcase classname="tests.test_share_and_status.TestShareAuth" name="test_rotate_share_without_session_returns_401" time="0.221" /><testcase classname="tests.test_share_and_status.TestShareAuth" name="test_disable_share_without_session_returns_401" time="0.286" /><testcase classname="tests.test_share_and_status.TestPublicEndpoint" name="test_public_map_invalid_token_returns_404" time="0.151" /><testcase classname="tests.test_share_and_status.TestPublicEndpoint" name="test_public_map_disabled_returns_404_even_with_valid_token" time="16.800" /><testcase classname="tests.test_share_and_status.TestShareAuth" name="test_cannot_share_another_users_map" time="10.439" /><testcase classname="tests.test_iteration10_uploads.TestListUploads" name="test_no_session" time="0.103" /><testcase classname="tests.test_iteration10_uploads.TestListUploads" name="test_list_returns_own_uploads_without_data" time="2.317" /><testcase classname="tests.test_iteration10_uploads.TestListUploads" name="test_user_isolation" time="0.119" /><testcase classname="tests.test_iteration7_row_range.TestPatchRowRange" name="test_patch_sets_row_range" time="11.551" /><testcase classname="tests.test_share_and_status.TestPublicEndpoint" name="test_public_endpoint_requires_no_auth" time="0.339" /><testcase classname="tests.test_iteration10_uploads.TestMapCreateWithSource" name="test_default_source_is_onedrive" time="0.112" /><testcase classname="tests.test_iteration10_uploads.TestMapCreateWithSource" name="test_explicit_onedrive" time="0.111" /><testcase classname="tests.test_iteration10_uploads.TestMapCreateWithSource" name="test_upload_source_persists" time="5.543" /><testcase classname="tests.test_iteration7_row_range.TestPatchRename" name="test_owner_can_rename" time="0.328" /><testcase classname="tests.test_iteration7_row_range.TestPatchRename" name="test_editor_can_rename" time="0.305" /><testcase classname="tests.test_iteration7_row_range.TestPatchRowRange" name="test_patch_only_row_to" time="0.360" /><testcase classname="tests.test_iteration7_row_range.TestPatchRowRange" name="test_patch_null_resets_field" time="0.304" /><testcase classname="tests.test_iteration10_uploads.TestMapDataFromUpload" name="test_map_data_from_upload_no_ms_graph" time="7.541" /><testcase classname="tests.test_iteration10_uploads.TestMapDataFromUpload" name="test_editor_can_access_uploaded_map" time="0.451" /><testcase classname="tests.test_iteration10_uploads.TestDeleteUpload" name="test_delete_other_users_upload_returns_404" time="0.104" /><testcase classname="tests.test_iteration10_uploads.TestDeleteUpload" name="test_delete_own_upload" time="0.344" /><testcase classname="tests.test_preview_and_empty_status.TestMapDataResponseShape" name="test_status_has_empty_in_source" time="0.001" /><testcase classname="tests.test_preview_and_empty_status.TestMapDataResponseShape" name="test_build_map_rows_handles_empty_sentinel" time="0.000" /><testcase classname="tests.test_iteration6_collab.TestCreateMapOwnerFields" name="test_create_map_stores_owner_email_lowercase" time="0.120" /><testcase classname="tests.test_iteration6_collab.TestLegacyMapCompat" name="test_legacy_map_is_owner_true_by_user_id" time="0.100" /><testcase classname="tests.test_iteration7_row_range.TestLegacyRowRangeCompat" name="test_legacy_map_without_row_fields_still_readable" time="0.233" /><testcase classname="tests.test_iteration7_row_range.TestCleanup" name="test_no_test_data_leaks" time="0.001" /><testcase classname="tests.test_ms_oauth_callback.TestMicrosoftClientSecretFix" name="test_callback_with_fake_code_but_valid_state_returns_invalid_grant_not_invalid_client" time="0.361" /><testcase classname="tests.test_iteration7_row_range.TestPatchRename" name="test_rename_and_row_range_together" time="15.245" /><testcase classname="tests.test_share_and_status.TestMapCreateNewFields" name="test_create_map_defaults" time="0.116" /><testcase classname="tests.test_share_and_status.TestMapCreateNewFields" name="test_create_map_with_all_new_fields" time="0.114" /><testcase classname="tests.test_share_and_status.TestMapCreateNewFields" name="test_patch_map_updates_new_fields" time="0.326" /></testsuite></testsuites>