<?xml version="1.0" encoding="utf-8"?><testsuites name="pytest tests"><testsuite name="pytest" errors="0" failures="0" skipped="0" tests="21" time="5.975" timestamp="2026-07-08T15:34:21.764230+00:00" hostname="agent-env-bd8c5bdb-1fb2-4f23-a228-0fd7f3ed17e3"><testcase classname="tests.test_iteration12_local_auth_batch" name="test_signup_success" time="0.381" /><testcase classname="tests.test_iteration12_local_auth_batch" name="test_signup_normalizes_email_and_stored_hash" time="0.337" /><testcase classname="tests.test_iteration12_local_auth_batch" name="test_signup_invalid_email" time="0.107" /><testcase classname="tests.test_iteration12_local_auth_batch" name="test_signup_password_too_short" time="0.112" /><testcase classname="tests.test_iteration12_local_auth_batch" name="test_signup_duplicate_email" time="0.120" /><testcase classname="tests.test_iteration12_local_auth_batch" name="test_signup_duplicate_case_insensitive" time="0.116" /><testcase classname="tests.test_iteration12_local_auth_batch" name="test_login_success_returns_new_session" time="0.345" /><testcase classname="tests.test_iteration12_local_auth_batch" name="test_login_case_insensitive_email" time="0.346" /><testcase classname="tests.test_iteration12_local_auth_batch" name="test_login_wrong_password" time="0.325" /><testcase classname="tests.test_iteration12_local_auth_batch" name="test_login_nonexistent_email_same_generic_error" time="0.096" /><testcase classname="tests.test_iteration12_local_auth_batch" name="test_users_email_unique_index" time="0.001" /><testcase classname="tests.test_iteration12_local_auth_batch" name="test_auth_me_with_local_session" time="0.109" /><testcase classname="tests.test_iteration12_local_auth_batch" name="test_local_can_upload_and_create_map_source_upload" time="0.441" /><testcase classname="tests.test_iteration12_local_auth_batch" name="test_local_cannot_fetch_onedrive_source_map_data" time="0.469" /><testcase classname="tests.test_iteration12_local_auth_batch" name="test_logout_with_local_session" time="0.220" /><testcase classname="tests.test_iteration12_local_auth_batch" name="test_batch_no_auth_header" time="0.100" /><testcase classname="tests.test_iteration12_local_auth_batch" name="test_batch_empty_map_ids" time="0.102" /><testcase classname="tests.test_iteration12_local_auth_batch" name="test_batch_upload_not_owned" time="0.126" /><testcase classname="tests.test_iteration12_local_auth_batch" name="test_batch_updates_owned_and_ignores_foreign" time="0.308" /><testcase classname="tests.test_iteration12_local_auth_batch" name="test_batch_all_foreign_returns_404" time="0.107" /><testcase classname="tests.test_iteration12_local_auth_batch" name="test_microsoft_session_can_create_map_default_source" time="0.206" /></testsuite></testsuites>