<?xml version="1.0" encoding="utf-8"?><testsuites name="pytest tests"><testsuite name="pytest" errors="0" failures="0" skipped="0" tests="43" time="9.329" timestamp="2026-07-02T17:12:17.534503+00:00" hostname="agent-env-bd8c5bdb-1fb2-4f23-a228-0fd7f3ed17e3"><testcase classname="tests.test_ms_oauth_callback.TestRegression" name="test_root" time="0.315" /><testcase classname="tests.test_map_columns_config.TestRegressionSummary" name="test_root" time="0.387" /><testcase classname="tests.test_ms_oauth_callback.TestRegression" name="test_microsoft_url_valid" time="0.336" /><testcase classname="tests.test_map_columns_config.TestRegressionSummary" name="test_microsoft_url" time="0.271" /><testcase classname="tests.test_ms_oauth_callback.TestRegression" name="test_callback_missing_code_state" time="0.342" /><testcase classname="tests.test_map_columns_config.TestRegressionSummary" name="test_callback_missing_fields" time="0.279" /><testcase classname="tests.test_map_columns_config.TestRegressionSummary" name="test_callback_invalid_state" time="0.276" /><testcase classname="tests.test_ms_oauth_callback.TestRegression" name="test_callback_invalid_state" time="0.194" /><testcase classname="tests.test_ms_oauth_callback.TestRegression" name="test_protected_onedrive_files_requires_session" time="0.193" /><testcase classname="tests.test_map_columns_config.TestRegressionSummary" name="test_maps_requires_session" time="0.195" /><testcase classname="tests.test_ms_oauth_callback.TestRegression" name="test_protected_maps_requires_session" time="0.274" /><testcase classname="tests.test_map_columns_config.TestRegressionSummary" name="test_auth_me_invalid_session" time="0.261" /><testcase classname="tests.test_ms_oauth_callback.TestRegression" name="test_auth_me_invalid_session" time="0.196" /><testcase classname="tests.test_map_columns_config.TestRegressionSummary" name="test_point_override_flow" time="0.943" /><testcase classname="tests.test_ms_oauth_callback.TestMapsCRUDWithInjectedSession" name="test_create_map" time="0.280" /><testcase classname="tests.test_ms_oauth_callback.TestMapsCRUDWithInjectedSession" name="test_list_maps_includes_created" time="0.190" /><testcase classname="tests.test_ms_oauth_callback.TestMapsCRUDWithInjectedSession" name="test_get_map" time="0.193" /><testcase classname="tests.test_ms_oauth_callback.TestMapsCRUDWithInjectedSession" name="test_patch_map" time="0.198" /><testcase classname="tests.test_map_columns_config.TestMapColumnsFeature" name="test_create_map_missing_lat_lng_returns_422" time="0.207" /><testcase classname="tests.test_ms_oauth_callback.TestMapsCRUDWithInjectedSession" name="test_put_point_override" time="0.195" /><testcase classname="tests.test_map_columns_config.TestMapColumnsFeature" name="test_create_map_missing_only_lng_returns_422" time="0.212" /><testcase classname="tests.test_ms_oauth_callback.TestMapsCRUDWithInjectedSession" name="test_delete_point_override" time="0.195" /><testcase classname="tests.test_map_columns_config.TestMapColumnsFeature" name="test_create_map_with_lat_lng_persists" time="0.711" /><testcase classname="tests.test_ms_oauth_callback.TestMapsCRUDWithInjectedSession" name="test_delete_map" time="0.387" /><testcase classname="tests.test_share_and_status.TestShareEndpoints" name="test_enable_share_generates_hex32" time="0.401" /><testcase classname="tests.test_map_columns_config.TestMapColumnsFeature" name="test_patch_map_updates_lat_lng" time="0.429" /><testcase classname="tests.test_share_and_status.TestShareEndpoints" name="test_rotate_share_generates_different_token" time="0.202" /><testcase classname="tests.test_share_and_status.TestShareEndpoints" name="test_disable_share_keeps_token_but_sets_public_false" time="0.201" /><testcase classname="tests.test_map_columns_config.TestMapColumnsFeature" name="test_backwards_compat_legacy_map_listable" time="0.387" /><testcase classname="tests.test_share_and_status.TestShareEndpoints" name="test_reenable_share_reuses_existing_token" time="0.202" /><testcase classname="tests.test_share_and_status.TestShareAuth" name="test_enable_share_without_session_returns_401" time="0.427" /><testcase classname="tests.test_map_columns_config.TestMapColumnsFeature" name="test_delete_map_still_works" time="0.494" /><testcase classname="tests.test_share_and_status.TestShareAuth" name="test_rotate_share_without_session_returns_401" time="0.452" /><testcase classname="tests.test_share_and_status.TestPublicEndpoint" name="test_public_map_returns_data_and_hides_sensitive" time="0.629" /><testcase classname="tests.test_share_and_status.TestShareAuth" name="test_disable_share_without_session_returns_401" time="0.374" /><testcase classname="tests.test_share_and_status.TestPublicEndpoint" name="test_public_map_invalid_token_returns_404" time="0.258" /><testcase classname="tests.test_share_and_status.TestShareAuth" name="test_cannot_share_another_users_map" time="0.815" /><testcase classname="tests.test_share_and_status.TestPublicEndpoint" name="test_public_map_disabled_returns_404_even_with_valid_token" time="1.017" /><testcase classname="tests.test_share_and_status.TestMapCreateNewFields" name="test_create_map_defaults" time="0.240" /><testcase classname="tests.test_share_and_status.TestMapCreateNewFields" name="test_create_map_with_all_new_fields" time="0.200" /><testcase classname="tests.test_share_and_status.TestPublicEndpoint" name="test_public_endpoint_requires_no_auth" time="0.452" /><testcase classname="tests.test_share_and_status.TestMapCreateNewFields" name="test_patch_map_updates_new_fields" time="0.422" /><testcase classname="tests.test_ms_oauth_callback.TestMicrosoftClientSecretFix" name="test_callback_with_fake_code_but_valid_state_returns_invalid_grant_not_invalid_client" time="0.522" /></testsuite></testsuites>