<?xml version="1.0" encoding="utf-8"?><testsuites name="pytest tests"><testsuite name="pytest" errors="0" failures="0" skipped="0" tests="15" time="2.999" timestamp="2026-07-01T22:20:59.780188+00:00" hostname="agent-env-bd8c5bdb-1fb2-4f23-a228-0fd7f3ed17e3"><testcase classname="tests.test_ms_oauth_callback.TestRegression" name="test_root" time="0.277" /><testcase classname="tests.test_ms_oauth_callback.TestMapsCRUDWithInjectedSession" name="test_create_map" time="0.283" /><testcase classname="tests.test_ms_oauth_callback.TestRegression" name="test_microsoft_url_valid" time="0.205" /><testcase classname="tests.test_ms_oauth_callback.TestMapsCRUDWithInjectedSession" name="test_list_maps_includes_created" time="0.209" /><testcase classname="tests.test_ms_oauth_callback.TestRegression" name="test_callback_missing_code_state" time="0.199" /><testcase classname="tests.test_ms_oauth_callback.TestMapsCRUDWithInjectedSession" name="test_get_map" time="0.272" /><testcase classname="tests.test_ms_oauth_callback.TestRegression" name="test_callback_invalid_state" time="0.193" /><testcase classname="tests.test_ms_oauth_callback.TestMapsCRUDWithInjectedSession" name="test_patch_map" time="0.196" /><testcase classname="tests.test_ms_oauth_callback.TestRegression" name="test_protected_onedrive_files_requires_session" time="0.197" /><testcase classname="tests.test_ms_oauth_callback.TestMapsCRUDWithInjectedSession" name="test_put_point_override" time="0.204" /><testcase classname="tests.test_ms_oauth_callback.TestRegression" name="test_protected_maps_requires_session" time="0.193" /><testcase classname="tests.test_ms_oauth_callback.TestMapsCRUDWithInjectedSession" name="test_delete_point_override" time="0.202" /><testcase classname="tests.test_ms_oauth_callback.TestRegression" name="test_auth_me_invalid_session" time="0.198" /><testcase classname="tests.test_ms_oauth_callback.TestMapsCRUDWithInjectedSession" name="test_delete_map" time="0.423" /><testcase classname="tests.test_ms_oauth_callback.TestMicrosoftClientSecretFix" name="test_callback_with_fake_code_but_valid_state_returns_invalid_grant_not_invalid_client" time="0.471" /></testsuite></testsuites>